<?xml version="1.0" encoding="UTF-8"?>
<!-- Generated by org.testng.reporters.JUnitReportReporter -->
<testsuite skipped="0" hostname="Tushar-Patil" name="Java.Anotations" tests="2" failures="0" timestamp="2020-01-31T20:50:52 IST" time="0.023" errors="0">
  <testcase name="main" time="0.018" classname="Java.Anotations"/>
  <testcase name="main2" time="0.005" classname="Java.Anotations"/>
</testsuite> <!-- Java.Anotations -->
