<?xml version="1.0" encoding="UTF-8"?>
<!-- Generated by org.testng.reporters.JUnitReportReporter -->
<testsuite skipped="0" hostname="Tushar-Patil" name="Java.FilePath" tests="2" failures="0" timestamp="2020-01-31T20:29:30 IST" time="0.016" errors="0">
  <testcase name="main" time="0.015" classname="Java.FilePath"/>
  <testcase name="main2" time="0.001" classname="Java.FilePath"/>
</testsuite> <!-- Java.FilePath -->
